
Step 0	Food left: 7	Score:  0
==========
|P.     G|
|.   ====|
|        |
|    |  .|
| .  ====|
|   =| . |
|  .     |
|      . |
==========

Step 1	Food left: 6	Score:  9
==========
| .    G |
|P   ====|
|        |
|    |  .|
| .  ====|
|   =| . |
|  .     |
|      . |
==========

Step 2	Food left: 6	Score:  8
==========
| .   G  |
| P  ====|
|        |
|    |  .|
| .  ====|
|   =| . |
|  .     |
|      . |
==========

Step 3	Food left: 5	Score:  17
==========
| P  G   |
|    ====|
|        |
|    |  .|
| .  ====|
|   =| . |
|  .     |
|      . |
==========

Step 4	Food left: 5	Score:  16
==========
|   G    |
| P  ====|
|        |
|    |  .|
| .  ====|
|   =| . |
|  .     |
|      . |
==========

Step 5	Food left: 5	Score:  15
==========
|        |
|   G====|
| P      |
|    |  .|
| .  ====|
|   =| . |
|  .     |
|      . |
==========

Step 6	Food left: 5	Score:  14
==========
|        |
|    ====|
|   G    |
| P  |  .|
| .  ====|
|   =| . |
|  .     |
|      . |
==========

Step 7	Food left: 4	Score:  23
==========
|        |
|    ====|
|        |
|   G|  .|
| P  ====|
|   =| . |
|  .     |
|      . |
==========

Step 8	Food left: 4	Score:  22
==========
|        |
|    ====|
|        |
|    |  .|
|   G====|
| P =| . |
|  .     |
|      . |
==========

Step 9	Food left: 4	Score:  21
==========
|        |
|    ====|
|        |
|    |  .|
|  G ====|
|   =| . |
| P.     |
|      . |
==========

Step 10	Food left: 3	Score:  30
==========
|        |
|    ====|
|        |
|    |  .|
|    ====|
|  G=| . |
|  P     |
|      . |
==========

Step 11	Food left: 3	Score:  29
==========
|        |
|    ====|
|        |
|    |  .|
|    ====|
|   =| . |
|  G     |
|  P   . |
==========

Step 12	Food left: 3	Score:  28
==========
|        |
|    ====|
|        |
|    |  .|
|    ====|
|   =| . |
|        |
|  GP  . |
==========

Step 13	Food left: 3	Score:  27
==========
|        |
|    ====|
|        |
|    |  .|
|    ====|
|   =| . |
|        |
|   GP . |
==========

Step 14	Food left: 3	Score:  26
==========
|        |
|    ====|
|        |
|    |  .|
|    ====|
|   =| . |
|        |
|    GP. |
==========

Step 15	Food left: 2	Score:  35
==========
|        |
|    ====|
|        |
|    |  .|
|    ====|
|   =| . |
|        |
|     GP |
==========

Step 16	Food left: 2	Score:  34
==========
|        |
|    ====|
|        |
|    |  .|
|    ====|
|   =| . |
|      P |
|      G |
==========

Step 17	Food left: 1	Score:  43
==========
|        |
|    ====|
|        |
|    |  .|
|    ====|
|   =| P |
|      G |
|        |
==========
Pacman decide to stop the game. Total score is: 43
Calculated time from the very beginning: 0.9194298744201665
Calculated time from the first run     : 0.8825334072113042